SF:lib/core/error/exceptions.dart
DA:4,1
DA:10,0
DA:16,0
DA:22,1
LF:4
LH:2
end_of_record
SF:lib/features/user/data/datasources/user_remote_datasource.dart
DA:16,1
DA:18,1
DA:20,2
DA:22,3
DA:23,1
DA:24,2
DA:25,3
DA:27,1
DA:32,4
DA:42,1
DA:44,2
DA:46,3
DA:47,1
DA:48,2
DA:49,3
DA:51,1
DA:54,2
LF:17
LH:17
end_of_record
SF:lib/features/user/data/models/user_model.dart
DA:8,2
DA:14,1
DA:15,1
DA:19,1
DA:20,1
DA:21,1
DA:22,1
DA:23,1
DA:24,1
DA:25,1
DA:29,1
DA:30,1
DA:31,1
DA:32,1
DA:33,1
DA:34,1
DA:35,1
DA:39,0
DA:40,0
LF:19
LH:17
end_of_record
SF:lib/features/user/domain/entities/user.dart
DA:9,2
DA:16,1
DA:17,1
DA:18,1
DA:19,1
DA:20,1
DA:21,1
LF:7
LH:7
end_of_record
